<?xml version="1.0" encoding="UTF-8"?>
<!-- Generated by org.testng.reporters.JUnitReportReporter -->
<testsuite skipped="0" hostname="DESKTOP-M7OO6FQ" name="com.uiFramework.ABd" tests="1" failures="0" timestamp="2020-08-28T16:29:59 IST" time="0.010" errors="0">
  <testcase name="a" time="0.010" classname="com.uiFramework.ABd"/>
  <system-out/>
</testsuite> <!-- com.uiFramework.ABd -->
