<?xml version="1.0" encoding="UTF-8"?>
<!-- Generated by org.testng.reporters.JUnitReportReporter -->
<testsuite skipped="0" hostname="DESKTOP-M7OO6FQ" name="com.uiFramework.companyName.projectName.testScripts.TestScreenShot" tests="1" failures="0" timestamp="2020-09-01T11:47:14 IST" time="1.980" errors="0">
  <testcase name="testScree" time="1.980" classname="com.uiFramework.companyName.projectName.testScripts.TestScreenShot"/>
  <system-out>
testScree Test started.. <a href='D:\Srikanth_tester\uiFramework\src\main\Resource\ScreenShots\firstScreen_01_09_2020_11_47_12.png'><img src='D:\Srikanth_tester\uiFramework\src\main\Resource\ScreenShots\firstScreen_01_09_2020_11_47_12.png'height='100' width='100'/></a> testScree Test Passed..  </system-out>
</testsuite> <!-- com.uiFramework.companyName.projectName.testScripts.TestScreenShot -->
