<?xml version="1.0" encoding="UTF-8"?>
<!-- Generated by org.testng.reporters.JUnitReportReporter -->
<testsuite skipped="0" hostname="DESKTOP-M7OO6FQ" name="com.uiFramework.A" tests="1" failures="0" timestamp="2020-09-01T11:47:14 IST" time="0.011" errors="0">
  <testcase name="a" time="0.011" classname="com.uiFramework.A"/>
  <system-out>
a Test started.. a Test Passed..  </system-out>
</testsuite> <!-- com.uiFramework.A -->
